{"/app/src/App.css": {"path":"/app/src/App.css","statementMap":{},"fnMap":{},"branchMap":{},"s":{},"f":{},"b":{},"meta":{"lastBranch":0,"lastFunction":0,"lastStatement":0,"seen":{}}}
,"/app/src/App.jsx": {"path":"/app/src/App.jsx","statementMap":{"0":{"start":{"line":6,"column":22},"end":{"line":6,"column":null}},"1":{"start":{"line":7,"column":28},"end":{"line":7,"column":null}},"2":{"start":{"line":8,"column":28},"end":{"line":8,"column":null}},"3":{"start":{"line":9,"column":32},"end":{"line":9,"column":null}},"4":{"start":{"line":10,"column":36},"end":{"line":10,"column":null}},"5":{"start":{"line":12,"column":27},"end":{"line":14,"column":null}},"6":{"start":{"line":13,"column":4},"end":{"line":13,"column":null}},"7":{"start":{"line":16,"column":23},"end":{"line":49,"column":null}},"8":{"start":{"line":17,"column":4},"end":{"line":17,"column":null}},"9":{"start":{"line":17,"column":15},"end":{"line":17,"column":null}},"10":{"start":{"line":19,"column":4},"end":{"line":19,"column":null}},"11":{"start":{"line":20,"column":4},"end":{"line":20,"column":null}},"12":{"start":{"line":21,"column":4},"end":{"line":21,"column":null}},"13":{"start":{"line":22,"column":4},"end":{"line":22,"column":null}},"14":{"start":{"line":24,"column":21},"end":{"line":24,"column":null}},"15":{"start":{"line":25,"column":4},"end":{"line":25,"column":null}},"16":{"start":{"line":27,"column":4},"end":{"line":48,"column":null}},"17":{"start":{"line":30,"column":23},"end":{"line":30,"column":null}},"18":{"start":{"line":33,"column":21},"end":{"line":33,"column":null}},"19":{"start":{"line":36,"column":19},"end":{"line":36,"column":null}},"20":{"start":{"line":37,"column":6},"end":{"line":40,"column":null}},"21":{"start":{"line":38,"column":22},"end":{"line":38,"column":null}},"22":{"start":{"line":39,"column":8},"end":{"line":39,"column":null}},"23":{"start":{"line":42,"column":6},"end":{"line":42,"column":null}},"24":{"start":{"line":44,"column":6},"end":{"line":44,"column":null}},"25":{"start":{"line":45,"column":6},"end":{"line":45,"column":null}},"26":{"start":{"line":47,"column":6},"end":{"line":47,"column":null}},"27":{"start":{"line":51,"column":27},"end":{"line":53,"column":null}},"28":{"start":{"line":52,"column":4},"end":{"line":52,"column":null}},"29":{"start":{"line":52,"column":30},"end":{"line":52,"column":65}},"30":{"start":{"line":55,"column":2},"end":{"line":264,"column":null}},"31":{"start":{"line":67,"column":14},"end":{"line":67,"column":null}},"32":{"start":{"line":68,"column":14},"end":{"line":68,"column":null}},"33":{"start":{"line":69,"column":14},"end":{"line":69,"column":null}},"34":{"start":{"line":70,"column":14},"end":{"line":70,"column":null}},"35":{"start":{"line":104,"column":31},"end":{"line":104,"column":null}},"36":{"start":{"line":111,"column":31},"end":{"line":111,"column":null}},"37":{"start":{"line":118,"column":31},"end":{"line":118,"column":null}},"38":{"start":{"line":150,"column":26},"end":{"line":150,"column":null}},"39":{"start":{"line":159,"column":39},"end":{"line":159,"column":null}},"40":{"start":{"line":160,"column":26},"end":{"line":164,"column":null}},"41":{"start":{"line":188,"column":22},"end":{"line":215,"column":null}},"42":{"start":{"line":194,"column":47},"end":{"line":194,"column":null}},"43":{"start":{"line":195,"column":46},"end":{"line":195,"column":null}},"44":{"start":{"line":198,"column":44},"end":{"line":200,"column":null}},"45":{"start":{"line":202,"column":28},"end":{"line":211,"column":null}},"46":{"start":{"line":206,"column":47},"end":{"line":206,"column":null}},"47":{"start":{"line":233,"column":36},"end":{"line":233,"column":null}},"48":{"start":{"line":234,"column":37},"end":{"line":234,"column":null}},"49":{"start":{"line":236,"column":22},"end":{"line":254,"column":null}},"50":{"start":{"line":246,"column":36},"end":{"line":246,"column":null}}},"fnMap":{"0":{"name":"App","decl":{"start":{"line":5,"column":9},"end":{"line":5,"column":15}},"loc":{"start":{"line":5,"column":15},"end":{"line":266,"column":null}},"line":5},"1":{"name":"(anonymous_1)","decl":{"start":{"line":12,"column":27},"end":{"line":12,"column":28}},"loc":{"start":{"line":12,"column":34},"end":{"line":14,"column":null}},"line":12},"2":{"name":"(anonymous_2)","decl":{"start":{"line":16,"column":23},"end":{"line":16,"column":35}},"loc":{"start":{"line":16,"column":35},"end":{"line":49,"column":null}},"line":16},"3":{"name":"(anonymous_3)","decl":{"start":{"line":51,"column":27},"end":{"line":51,"column":28}},"loc":{"start":{"line":51,"column":52},"end":{"line":53,"column":null}},"line":51},"4":{"name":"(anonymous_4)","decl":{"start":{"line":52,"column":19},"end":{"line":52,"column":20}},"loc":{"start":{"line":52,"column":30},"end":{"line":52,"column":65}},"line":52},"5":{"name":"(anonymous_5)","decl":{"start":{"line":66,"column":21},"end":{"line":66,"column":27}},"loc":{"start":{"line":66,"column":27},"end":{"line":71,"column":null}},"line":66},"6":{"name":"(anonymous_6)","decl":{"start":{"line":104,"column":25},"end":{"line":104,"column":31}},"loc":{"start":{"line":104,"column":31},"end":{"line":104,"column":null}},"line":104},"7":{"name":"(anonymous_7)","decl":{"start":{"line":111,"column":25},"end":{"line":111,"column":31}},"loc":{"start":{"line":111,"column":31},"end":{"line":111,"column":null}},"line":111},"8":{"name":"(anonymous_8)","decl":{"start":{"line":118,"column":25},"end":{"line":118,"column":31}},"loc":{"start":{"line":118,"column":31},"end":{"line":118,"column":null}},"line":118},"9":{"name":"(anonymous_9)","decl":{"start":{"line":149,"column":56},"end":{"line":149,"column":57}},"loc":{"start":{"line":150,"column":26},"end":{"line":150,"column":null}},"line":150},"10":{"name":"(anonymous_10)","decl":{"start":{"line":158,"column":58},"end":{"line":158,"column":59}},"loc":{"start":{"line":158,"column":71},"end":{"line":166,"column":25}},"line":158},"11":{"name":"(anonymous_11)","decl":{"start":{"line":187,"column":46},"end":{"line":187,"column":47}},"loc":{"start":{"line":188,"column":22},"end":{"line":215,"column":null}},"line":188},"12":{"name":"(anonymous_12)","decl":{"start":{"line":193,"column":49},"end":{"line":193,"column":50}},"loc":{"start":{"line":193,"column":64},"end":{"line":213,"column":27}},"line":193},"13":{"name":"(anonymous_13)","decl":{"start":{"line":206,"column":41},"end":{"line":206,"column":47}},"loc":{"start":{"line":206,"column":47},"end":{"line":206,"column":null}},"line":206},"14":{"name":"(anonymous_14)","decl":{"start":{"line":231,"column":54},"end":{"line":231,"column":55}},"loc":{"start":{"line":231,"column":68},"end":{"line":256,"column":21}},"line":231},"15":{"name":"(anonymous_15)","decl":{"start":{"line":245,"column":46},"end":{"line":245,"column":47}},"loc":{"start":{"line":246,"column":36},"end":{"line":246,"column":null}},"line":246}},"branchMap":{"0":{"loc":{"start":{"line":13,"column":12},"end":{"line":13,"column":39}},"type":"binary-expr","locations":[{"start":{"line":13,"column":12},"end":{"line":13,"column":35}},{"start":{"line":13,"column":35},"end":{"line":13,"column":39}}],"line":13},"1":{"loc":{"start":{"line":17,"column":4},"end":{"line":17,"column":null}},"type":"if","locations":[{"start":{"line":17,"column":4},"end":{"line":17,"column":null}},{"start":{},"end":{}}],"line":17},"2":{"loc":{"start":{"line":33,"column":21},"end":{"line":33,"column":null}},"type":"binary-expr","locations":[{"start":{"line":33,"column":21},"end":{"line":33,"column":44}},{"start":{"line":33,"column":44},"end":{"line":33,"column":null}}],"line":33},"3":{"loc":{"start":{"line":37,"column":6},"end":{"line":40,"column":null}},"type":"if","locations":[{"start":{"line":37,"column":6},"end":{"line":40,"column":null}},{"start":{},"end":{}}],"line":37},"4":{"loc":{"start":{"line":63,"column":9},"end":{"line":74,"column":null}},"type":"binary-expr","locations":[{"start":{"line":63,"column":9},"end":{"line":63,"column":null}},{"start":{"line":64,"column":10},"end":{"line":74,"column":null}}],"line":63},"5":{"loc":{"start":{"line":77,"column":9},"end":{"line":261,"column":null}},"type":"cond-expr","locations":[{"start":{"line":78,"column":10},"end":{"line":97,"column":null}},{"start":{"line":99,"column":10},"end":{"line":261,"column":null}}],"line":77},"6":{"loc":{"start":{"line":87,"column":15},"end":{"line":87,"column":null}},"type":"cond-expr","locations":[{"start":{"line":87,"column":22},"end":{"line":87,"column":41}},{"start":{"line":87,"column":41},"end":{"line":87,"column":null}}],"line":87},"7":{"loc":{"start":{"line":90,"column":53},"end":{"line":90,"column":71}},"type":"binary-expr","locations":[{"start":{"line":90,"column":53},"end":{"line":90,"column":64}},{"start":{"line":90,"column":64},"end":{"line":90,"column":71}}],"line":90},"8":{"loc":{"start":{"line":91,"column":15},"end":{"line":95,"column":null}},"type":"cond-expr","locations":[{"start":{"line":92,"column":16},"end":{"line":94,"column":null}},{"start":{"line":95,"column":18},"end":{"line":95,"column":null}}],"line":91},"9":{"loc":{"start":{"line":103,"column":38},"end":{"line":103,"column":77}},"type":"cond-expr","locations":[{"start":{"line":103,"column":64},"end":{"line":103,"column":75}},{"start":{"line":103,"column":75},"end":{"line":103,"column":77}}],"line":103},"10":{"loc":{"start":{"line":110,"column":38},"end":{"line":110,"column":74}},"type":"cond-expr","locations":[{"start":{"line":110,"column":61},"end":{"line":110,"column":72}},{"start":{"line":110,"column":72},"end":{"line":110,"column":74}}],"line":110},"11":{"loc":{"start":{"line":117,"column":38},"end":{"line":117,"column":82}},"type":"cond-expr","locations":[{"start":{"line":117,"column":69},"end":{"line":117,"column":80}},{"start":{"line":117,"column":80},"end":{"line":117,"column":82}}],"line":117},"12":{"loc":{"start":{"line":126,"column":15},"end":{"line":177,"column":null}},"type":"binary-expr","locations":[{"start":{"line":126,"column":15},"end":{"line":126,"column":null}},{"start":{"line":127,"column":16},"end":{"line":177,"column":null}}],"line":126},"13":{"loc":{"start":{"line":130,"column":51},"end":{"line":130,"column":82}},"type":"binary-expr","locations":[{"start":{"line":130,"column":51},"end":{"line":130,"column":68}},{"start":{"line":130,"column":68},"end":{"line":130,"column":82}}],"line":130},"14":{"loc":{"start":{"line":132,"column":21},"end":{"line":135,"column":null}},"type":"binary-expr","locations":[{"start":{"line":132,"column":21},"end":{"line":132,"column":null}},{"start":{"line":133,"column":22},"end":{"line":135,"column":null}}],"line":132},"15":{"loc":{"start":{"line":139,"column":23},"end":{"line":141,"column":null}},"type":"cond-expr","locations":[{"start":{"line":140,"column":27},"end":{"line":140,"column":null}},{"start":{"line":141,"column":27},"end":{"line":141,"column":null}}],"line":139},"16":{"loc":{"start":{"line":140,"column":27},"end":{"line":140,"column":null}},"type":"binary-expr","locations":[{"start":{"line":140,"column":27},"end":{"line":140,"column":54}},{"start":{"line":140,"column":54},"end":{"line":140,"column":null}}],"line":140},"17":{"loc":{"start":{"line":141,"column":27},"end":{"line":141,"column":null}},"type":"binary-expr","locations":[{"start":{"line":141,"column":27},"end":{"line":141,"column":46}},{"start":{"line":141,"column":46},"end":{"line":141,"column":null}}],"line":141},"18":{"loc":{"start":{"line":149,"column":26},"end":{"line":149,"column":52}},"type":"binary-expr","locations":[{"start":{"line":149,"column":26},"end":{"line":149,"column":48}},{"start":{"line":149,"column":48},"end":{"line":149,"column":52}}],"line":149},"19":{"loc":{"start":{"line":158,"column":26},"end":{"line":158,"column":54}},"type":"binary-expr","locations":[{"start":{"line":158,"column":26},"end":{"line":158,"column":50}},{"start":{"line":158,"column":50},"end":{"line":158,"column":54}}],"line":158},"20":{"loc":{"start":{"line":159,"column":39},"end":{"line":159,"column":null}},"type":"cond-expr","locations":[{"start":{"line":159,"column":66},"end":{"line":159,"column":85}},{"start":{"line":159,"column":85},"end":{"line":159,"column":null}}],"line":159},"21":{"loc":{"start":{"line":171,"column":19},"end":{"line":175,"column":null}},"type":"binary-expr","locations":[{"start":{"line":171,"column":19},"end":{"line":171,"column":null}},{"start":{"line":172,"column":20},"end":{"line":175,"column":null}}],"line":171},"22":{"loc":{"start":{"line":181,"column":15},"end":{"line":218,"column":null}},"type":"binary-expr","locations":[{"start":{"line":181,"column":15},"end":{"line":181,"column":null}},{"start":{"line":182,"column":16},"end":{"line":218,"column":null}}],"line":181},"23":{"loc":{"start":{"line":187,"column":22},"end":{"line":187,"column":42}},"type":"binary-expr","locations":[{"start":{"line":187,"column":22},"end":{"line":187,"column":38}},{"start":{"line":187,"column":38},"end":{"line":187,"column":42}}],"line":187},"24":{"loc":{"start":{"line":193,"column":28},"end":{"line":193,"column":45}},"type":"binary-expr","locations":[{"start":{"line":193,"column":28},"end":{"line":193,"column":41}},{"start":{"line":193,"column":41},"end":{"line":193,"column":45}}],"line":193},"25":{"loc":{"start":{"line":198,"column":44},"end":{"line":200,"column":null}},"type":"cond-expr","locations":[{"start":{"line":199,"column":33},"end":{"line":199,"column":null}},{"start":{"line":200,"column":32},"end":{"line":200,"column":null}}],"line":198},"26":{"loc":{"start":{"line":199,"column":33},"end":{"line":199,"column":null}},"type":"cond-expr","locations":[{"start":{"line":199,"column":45},"end":{"line":199,"column":57}},{"start":{"line":199,"column":57},"end":{"line":199,"column":null}}],"line":199},"27":{"loc":{"start":{"line":210,"column":33},"end":{"line":210,"column":null}},"type":"binary-expr","locations":[{"start":{"line":210,"column":33},"end":{"line":210,"column":48}},{"start":{"line":210,"column":48},"end":{"line":210,"column":null}}],"line":210},"28":{"loc":{"start":{"line":210,"column":48},"end":{"line":210,"column":null}},"type":"cond-expr","locations":[{"start":{"line":210,"column":60},"end":{"line":210,"column":67}},{"start":{"line":210,"column":67},"end":{"line":210,"column":null}}],"line":210},"29":{"loc":{"start":{"line":222,"column":15},"end":{"line":258,"column":null}},"type":"binary-expr","locations":[{"start":{"line":222,"column":15},"end":{"line":222,"column":null}},{"start":{"line":223,"column":16},"end":{"line":258,"column":null}}],"line":222},"30":{"loc":{"start":{"line":231,"column":22},"end":{"line":231,"column":50}},"type":"binary-expr","locations":[{"start":{"line":231,"column":22},"end":{"line":231,"column":46}},{"start":{"line":231,"column":46},"end":{"line":231,"column":50}}],"line":231},"31":{"loc":{"start":{"line":233,"column":36},"end":{"line":233,"column":null}},"type":"binary-expr","locations":[{"start":{"line":233,"column":36},"end":{"line":233,"column":57}},{"start":{"line":233,"column":57},"end":{"line":233,"column":null}}],"line":233},"32":{"loc":{"start":{"line":234,"column":37},"end":{"line":234,"column":null}},"type":"binary-expr","locations":[{"start":{"line":234,"column":37},"end":{"line":234,"column":60}},{"start":{"line":234,"column":60},"end":{"line":234,"column":null}}],"line":234},"33":{"loc":{"start":{"line":243,"column":31},"end":{"line":250,"column":null}},"type":"cond-expr","locations":[{"start":{"line":244,"column":32},"end":{"line":248,"column":null}},{"start":{"line":250,"column":32},"end":{"line":250,"column":null}}],"line":243},"34":{"loc":{"start":{"line":243,"column":31},"end":{"line":243,"column":null}},"type":"binary-expr","locations":[{"start":{"line":243,"column":31},"end":{"line":243,"column":56}},{"start":{"line":243,"column":56},"end":{"line":243,"column":null}}],"line":243}},"s":{"0":6,"1":6,"2":6,"3":6,"4":6,"5":6,"6":2,"7":6,"8":1,"9":0,"10":1,"11":1,"12":1,"13":1,"14":1,"15":1,"16":1,"17":1,"18":0,"19":1,"20":1,"21":0,"22":0,"23":0,"24":0,"25":0,"26":0,"27":6,"28":0,"29":0,"30":6,"31":0,"32":0,"33":0,"34":0,"35":0,"36":0,"37":0,"38":0,"39":0,"40":0,"41":0,"42":0,"43":0,"44":0,"45":0,"46":0,"47":0,"48":0,"49":0,"50":0},"f":{"0":6,"1":2,"2":1,"3":0,"4":0,"5":0,"6":0,"7":0,"8":0,"9":0,"10":0,"11":0,"12":0,"13":0,"14":0,"15":0},"b":{"0":[2,0],"1":[0,1],"2":[0,0],"3":[0,1],"4":[6,0],"5":[6,0],"6":[3,3],"7":[6,5],"8":[1,5],"9":[0,0],"10":[0,0],"11":[0,0],"12":[0,0],"13":[0,0],"14":[0,0],"15":[0,0],"16":[0,0],"17":[0,0],"18":[0,0],"19":[0,0],"20":[0,0],"21":[0,0],"22":[0,0],"23":[0,0],"24":[0,0],"25":[0,0],"26":[0,0],"27":[0,0],"28":[0,0],"29":[0,0],"30":[0,0],"31":[0,0],"32":[0,0],"33":[0,0],"34":[0,0]},"meta":{"lastBranch":35,"lastFunction":16,"lastStatement":51,"seen":{"f:5:9:5:15":0,"s:6:22:6:Infinity":0,"s:7:28:7:Infinity":1,"s:8:28:8:Infinity":2,"s:9:32:9:Infinity":3,"s:10:36:10:Infinity":4,"s:12:27:14:Infinity":5,"f:12:27:12:28":1,"s:13:4:13:Infinity":6,"b:13:12:13:35:13:35:13:39":0,"s:16:23:49:Infinity":7,"f:16:23:16:35":2,"b:17:4:17:Infinity:undefined:undefined:undefined:undefined":1,"s:17:4:17:Infinity":8,"s:17:15:17:Infinity":9,"s:19:4:19:Infinity":10,"s:20:4:20:Infinity":11,"s:21:4:21:Infinity":12,"s:22:4:22:Infinity":13,"s:24:21:24:Infinity":14,"s:25:4:25:Infinity":15,"s:27:4:48:Infinity":16,"s:30:23:30:Infinity":17,"s:33:21:33:Infinity":18,"b:33:21:33:44:33:44:33:Infinity":2,"s:36:19:36:Infinity":19,"b:37:6:40:Infinity:undefined:undefined:undefined:undefined":3,"s:37:6:40:Infinity":20,"s:38:22:38:Infinity":21,"s:39:8:39:Infinity":22,"s:42:6:42:Infinity":23,"s:44:6:44:Infinity":24,"s:45:6:45:Infinity":25,"s:47:6:47:Infinity":26,"s:51:27:53:Infinity":27,"f:51:27:51:28":3,"s:52:4:52:Infinity":28,"f:52:19:52:20":4,"s:52:30:52:65":29,"s:55:2:264:Infinity":30,"b:63:9:63:Infinity:64:10:74:Infinity":4,"f:66:21:66:27":5,"s:67:14:67:Infinity":31,"s:68:14:68:Infinity":32,"s:69:14:69:Infinity":33,"s:70:14:70:Infinity":34,"b:78:10:97:Infinity:99:10:261:Infinity":5,"b:87:22:87:41:87:41:87:Infinity":6,"b:90:53:90:64:90:64:90:71":7,"b:92:16:94:Infinity:95:18:95:Infinity":8,"b:103:64:103:75:103:75:103:77":9,"f:104:25:104:31":6,"s:104:31:104:Infinity":35,"b:110:61:110:72:110:72:110:74":10,"f:111:25:111:31":7,"s:111:31:111:Infinity":36,"b:117:69:117:80:117:80:117:82":11,"f:118:25:118:31":8,"s:118:31:118:Infinity":37,"b:126:15:126:Infinity:127:16:177:Infinity":12,"b:130:51:130:68:130:68:130:82":13,"b:132:21:132:Infinity:133:22:135:Infinity":14,"b:140:27:140:Infinity:141:27:141:Infinity":15,"b:140:27:140:54:140:54:140:Infinity":16,"b:141:27:141:46:141:46:141:Infinity":17,"b:149:26:149:48:149:48:149:52":18,"f:149:56:149:57":9,"s:150:26:150:Infinity":38,"b:158:26:158:50:158:50:158:54":19,"f:158:58:158:59":10,"s:159:39:159:Infinity":39,"b:159:66:159:85:159:85:159:Infinity":20,"s:160:26:164:Infinity":40,"b:171:19:171:Infinity:172:20:175:Infinity":21,"b:181:15:181:Infinity:182:16:218:Infinity":22,"b:187:22:187:38:187:38:187:42":23,"f:187:46:187:47":11,"s:188:22:215:Infinity":41,"b:193:28:193:41:193:41:193:45":24,"f:193:49:193:50":12,"s:194:47:194:Infinity":42,"s:195:46:195:Infinity":43,"s:198:44:200:Infinity":44,"b:199:33:199:Infinity:200:32:200:Infinity":25,"b:199:45:199:57:199:57:199:Infinity":26,"s:202:28:211:Infinity":45,"f:206:41:206:47":13,"s:206:47:206:Infinity":46,"b:210:33:210:48:210:48:210:Infinity":27,"b:210:60:210:67:210:67:210:Infinity":28,"b:222:15:222:Infinity:223:16:258:Infinity":29,"b:231:22:231:46:231:46:231:50":30,"f:231:54:231:55":14,"s:233:36:233:Infinity":47,"b:233:36:233:57:233:57:233:Infinity":31,"s:234:37:234:Infinity":48,"b:234:37:234:60:234:60:234:Infinity":32,"s:236:22:254:Infinity":49,"b:244:32:248:Infinity:250:32:250:Infinity":33,"b:243:31:243:56:243:56:243:Infinity":34,"f:245:46:245:47":15,"s:246:36:246:Infinity":50}}}
}
