{"C:\\Users\\HP\\Desktop\\נרקיס\\בודקאמפ גוגל רייכמן\\‏‏smart-meeting-app - עותק\\frontend\\src\\App.css": {"path":"C:\\Users\\HP\\Desktop\\נרקיס\\בודקאמפ גוגל רייכמן\\‏‏smart-meeting-app - עותק\\frontend\\src\\App.css","statementMap":{},"fnMap":{},"branchMap":{},"s":{},"f":{},"b":{},"meta":{"lastBranch":0,"lastFunction":0,"lastStatement":0,"seen":{}}}
,"C:\\Users\\HP\\Desktop\\נרקיס\\בודקאמפ גוגל רייכמן\\‏‏smart-meeting-app - עותק\\frontend\\src\\App.jsx": {"path":"C:\\Users\\HP\\Desktop\\נרקיס\\בודקאמפ גוגל רייכמן\\‏‏smart-meeting-app - עותק\\frontend\\src\\App.jsx","statementMap":{"0":{"start":{"line":6,"column":22},"end":{"line":6,"column":null}},"1":{"start":{"line":7,"column":28},"end":{"line":7,"column":null}},"2":{"start":{"line":8,"column":28},"end":{"line":8,"column":null}},"3":{"start":{"line":9,"column":32},"end":{"line":9,"column":null}},"4":{"start":{"line":10,"column":36},"end":{"line":10,"column":null}},"5":{"start":{"line":12,"column":27},"end":{"line":14,"column":null}},"6":{"start":{"line":13,"column":4},"end":{"line":13,"column":null}},"7":{"start":{"line":16,"column":23},"end":{"line":44,"column":null}},"8":{"start":{"line":17,"column":4},"end":{"line":17,"column":null}},"9":{"start":{"line":17,"column":15},"end":{"line":17,"column":null}},"10":{"start":{"line":19,"column":4},"end":{"line":19,"column":null}},"11":{"start":{"line":20,"column":4},"end":{"line":20,"column":null}},"12":{"start":{"line":21,"column":4},"end":{"line":21,"column":null}},"13":{"start":{"line":22,"column":4},"end":{"line":22,"column":null}},"14":{"start":{"line":24,"column":21},"end":{"line":24,"column":null}},"15":{"start":{"line":25,"column":4},"end":{"line":25,"column":null}},"16":{"start":{"line":27,"column":4},"end":{"line":43,"column":null}},"17":{"start":{"line":28,"column":23},"end":{"line":28,"column":null}},"18":{"start":{"line":29,"column":21},"end":{"line":29,"column":null}},"19":{"start":{"line":31,"column":19},"end":{"line":31,"column":null}},"20":{"start":{"line":32,"column":6},"end":{"line":35,"column":null}},"21":{"start":{"line":33,"column":22},"end":{"line":33,"column":null}},"22":{"start":{"line":34,"column":8},"end":{"line":34,"column":null}},"23":{"start":{"line":37,"column":6},"end":{"line":37,"column":null}},"24":{"start":{"line":39,"column":6},"end":{"line":39,"column":null}},"25":{"start":{"line":40,"column":6},"end":{"line":40,"column":null}},"26":{"start":{"line":42,"column":6},"end":{"line":42,"column":null}},"27":{"start":{"line":46,"column":27},"end":{"line":48,"column":null}},"28":{"start":{"line":47,"column":4},"end":{"line":47,"column":null}},"29":{"start":{"line":47,"column":30},"end":{"line":47,"column":65}},"30":{"start":{"line":50,"column":2},"end":{"line":253,"column":null}},"31":{"start":{"line":62,"column":14},"end":{"line":62,"column":null}},"32":{"start":{"line":63,"column":14},"end":{"line":63,"column":null}},"33":{"start":{"line":64,"column":14},"end":{"line":64,"column":null}},"34":{"start":{"line":65,"column":14},"end":{"line":65,"column":null}},"35":{"start":{"line":98,"column":31},"end":{"line":98,"column":null}},"36":{"start":{"line":105,"column":31},"end":{"line":105,"column":null}},"37":{"start":{"line":112,"column":31},"end":{"line":112,"column":null}},"38":{"start":{"line":143,"column":26},"end":{"line":143,"column":null}},"39":{"start":{"line":152,"column":39},"end":{"line":152,"column":null}},"40":{"start":{"line":153,"column":26},"end":{"line":157,"column":null}},"41":{"start":{"line":180,"column":22},"end":{"line":206,"column":null}},"42":{"start":{"line":186,"column":47},"end":{"line":186,"column":null}},"43":{"start":{"line":187,"column":46},"end":{"line":187,"column":null}},"44":{"start":{"line":189,"column":44},"end":{"line":191,"column":null}},"45":{"start":{"line":193,"column":28},"end":{"line":202,"column":null}},"46":{"start":{"line":197,"column":47},"end":{"line":197,"column":null}},"47":{"start":{"line":222,"column":36},"end":{"line":222,"column":null}},"48":{"start":{"line":223,"column":37},"end":{"line":223,"column":null}},"49":{"start":{"line":225,"column":22},"end":{"line":243,"column":null}},"50":{"start":{"line":235,"column":36},"end":{"line":235,"column":null}}},"fnMap":{"0":{"name":"App","decl":{"start":{"line":5,"column":9},"end":{"line":5,"column":15}},"loc":{"start":{"line":5,"column":15},"end":{"line":255,"column":null}},"line":5},"1":{"name":"(anonymous_1)","decl":{"start":{"line":12,"column":27},"end":{"line":12,"column":28}},"loc":{"start":{"line":12,"column":34},"end":{"line":14,"column":null}},"line":12},"2":{"name":"(anonymous_2)","decl":{"start":{"line":16,"column":23},"end":{"line":16,"column":35}},"loc":{"start":{"line":16,"column":35},"end":{"line":44,"column":null}},"line":16},"3":{"name":"(anonymous_3)","decl":{"start":{"line":46,"column":27},"end":{"line":46,"column":28}},"loc":{"start":{"line":46,"column":52},"end":{"line":48,"column":null}},"line":46},"4":{"name":"(anonymous_4)","decl":{"start":{"line":47,"column":19},"end":{"line":47,"column":20}},"loc":{"start":{"line":47,"column":30},"end":{"line":47,"column":65}},"line":47},"5":{"name":"(anonymous_5)","decl":{"start":{"line":61,"column":21},"end":{"line":61,"column":27}},"loc":{"start":{"line":61,"column":27},"end":{"line":66,"column":null}},"line":61},"6":{"name":"(anonymous_6)","decl":{"start":{"line":98,"column":25},"end":{"line":98,"column":31}},"loc":{"start":{"line":98,"column":31},"end":{"line":98,"column":null}},"line":98},"7":{"name":"(anonymous_7)","decl":{"start":{"line":105,"column":25},"end":{"line":105,"column":31}},"loc":{"start":{"line":105,"column":31},"end":{"line":105,"column":null}},"line":105},"8":{"name":"(anonymous_8)","decl":{"start":{"line":112,"column":25},"end":{"line":112,"column":31}},"loc":{"start":{"line":112,"column":31},"end":{"line":112,"column":null}},"line":112},"9":{"name":"(anonymous_9)","decl":{"start":{"line":142,"column":56},"end":{"line":142,"column":57}},"loc":{"start":{"line":143,"column":26},"end":{"line":143,"column":null}},"line":143},"10":{"name":"(anonymous_10)","decl":{"start":{"line":151,"column":58},"end":{"line":151,"column":59}},"loc":{"start":{"line":151,"column":71},"end":{"line":159,"column":25}},"line":151},"11":{"name":"(anonymous_11)","decl":{"start":{"line":179,"column":46},"end":{"line":179,"column":47}},"loc":{"start":{"line":180,"column":22},"end":{"line":206,"column":null}},"line":180},"12":{"name":"(anonymous_12)","decl":{"start":{"line":185,"column":49},"end":{"line":185,"column":50}},"loc":{"start":{"line":185,"column":64},"end":{"line":204,"column":27}},"line":185},"13":{"name":"(anonymous_13)","decl":{"start":{"line":197,"column":41},"end":{"line":197,"column":47}},"loc":{"start":{"line":197,"column":47},"end":{"line":197,"column":null}},"line":197},"14":{"name":"(anonymous_14)","decl":{"start":{"line":221,"column":54},"end":{"line":221,"column":55}},"loc":{"start":{"line":221,"column":68},"end":{"line":245,"column":21}},"line":221},"15":{"name":"(anonymous_15)","decl":{"start":{"line":234,"column":46},"end":{"line":234,"column":47}},"loc":{"start":{"line":235,"column":36},"end":{"line":235,"column":null}},"line":235}},"branchMap":{"0":{"loc":{"start":{"line":13,"column":12},"end":{"line":13,"column":39}},"type":"binary-expr","locations":[{"start":{"line":13,"column":12},"end":{"line":13,"column":35}},{"start":{"line":13,"column":35},"end":{"line":13,"column":39}}],"line":13},"1":{"loc":{"start":{"line":17,"column":4},"end":{"line":17,"column":null}},"type":"if","locations":[{"start":{"line":17,"column":4},"end":{"line":17,"column":null}},{"start":{},"end":{}}],"line":17},"2":{"loc":{"start":{"line":29,"column":21},"end":{"line":29,"column":null}},"type":"binary-expr","locations":[{"start":{"line":29,"column":21},"end":{"line":29,"column":44}},{"start":{"line":29,"column":44},"end":{"line":29,"column":null}}],"line":29},"3":{"loc":{"start":{"line":32,"column":6},"end":{"line":35,"column":null}},"type":"if","locations":[{"start":{"line":32,"column":6},"end":{"line":35,"column":null}},{"start":{},"end":{}}],"line":32},"4":{"loc":{"start":{"line":58,"column":9},"end":{"line":69,"column":null}},"type":"binary-expr","locations":[{"start":{"line":58,"column":9},"end":{"line":58,"column":null}},{"start":{"line":59,"column":10},"end":{"line":69,"column":null}}],"line":58},"5":{"loc":{"start":{"line":72,"column":9},"end":{"line":250,"column":null}},"type":"cond-expr","locations":[{"start":{"line":73,"column":10},"end":{"line":92,"column":null}},{"start":{"line":94,"column":10},"end":{"line":250,"column":null}}],"line":72},"6":{"loc":{"start":{"line":82,"column":15},"end":{"line":82,"column":61}},"type":"cond-expr","locations":[{"start":{"line":82,"column":22},"end":{"line":82,"column":41}},{"start":{"line":82,"column":41},"end":{"line":82,"column":61}}],"line":82},"7":{"loc":{"start":{"line":85,"column":53},"end":{"line":85,"column":71}},"type":"binary-expr","locations":[{"start":{"line":85,"column":53},"end":{"line":85,"column":64}},{"start":{"line":85,"column":64},"end":{"line":85,"column":71}}],"line":85},"8":{"loc":{"start":{"line":86,"column":15},"end":{"line":90,"column":null}},"type":"cond-expr","locations":[{"start":{"line":87,"column":16},"end":{"line":89,"column":null}},{"start":{"line":90,"column":18},"end":{"line":90,"column":null}}],"line":86},"9":{"loc":{"start":{"line":97,"column":38},"end":{"line":97,"column":77}},"type":"cond-expr","locations":[{"start":{"line":97,"column":64},"end":{"line":97,"column":75}},{"start":{"line":97,"column":75},"end":{"line":97,"column":77}}],"line":97},"10":{"loc":{"start":{"line":104,"column":38},"end":{"line":104,"column":74}},"type":"cond-expr","locations":[{"start":{"line":104,"column":61},"end":{"line":104,"column":72}},{"start":{"line":104,"column":72},"end":{"line":104,"column":74}}],"line":104},"11":{"loc":{"start":{"line":111,"column":38},"end":{"line":111,"column":82}},"type":"cond-expr","locations":[{"start":{"line":111,"column":69},"end":{"line":111,"column":80}},{"start":{"line":111,"column":80},"end":{"line":111,"column":82}}],"line":111},"12":{"loc":{"start":{"line":119,"column":15},"end":{"line":170,"column":null}},"type":"binary-expr","locations":[{"start":{"line":119,"column":15},"end":{"line":119,"column":null}},{"start":{"line":120,"column":16},"end":{"line":170,"column":null}}],"line":119},"13":{"loc":{"start":{"line":123,"column":51},"end":{"line":123,"column":82}},"type":"binary-expr","locations":[{"start":{"line":123,"column":51},"end":{"line":123,"column":68}},{"start":{"line":123,"column":68},"end":{"line":123,"column":82}}],"line":123},"14":{"loc":{"start":{"line":125,"column":21},"end":{"line":128,"column":null}},"type":"binary-expr","locations":[{"start":{"line":125,"column":21},"end":{"line":125,"column":null}},{"start":{"line":126,"column":22},"end":{"line":128,"column":null}}],"line":125},"15":{"loc":{"start":{"line":132,"column":23},"end":{"line":134,"column":null}},"type":"cond-expr","locations":[{"start":{"line":133,"column":27},"end":{"line":133,"column":null}},{"start":{"line":134,"column":27},"end":{"line":134,"column":null}}],"line":132},"16":{"loc":{"start":{"line":133,"column":27},"end":{"line":133,"column":null}},"type":"binary-expr","locations":[{"start":{"line":133,"column":27},"end":{"line":133,"column":54}},{"start":{"line":133,"column":54},"end":{"line":133,"column":null}}],"line":133},"17":{"loc":{"start":{"line":134,"column":27},"end":{"line":134,"column":null}},"type":"binary-expr","locations":[{"start":{"line":134,"column":27},"end":{"line":134,"column":46}},{"start":{"line":134,"column":46},"end":{"line":134,"column":null}}],"line":134},"18":{"loc":{"start":{"line":142,"column":26},"end":{"line":142,"column":52}},"type":"binary-expr","locations":[{"start":{"line":142,"column":26},"end":{"line":142,"column":48}},{"start":{"line":142,"column":48},"end":{"line":142,"column":52}}],"line":142},"19":{"loc":{"start":{"line":151,"column":26},"end":{"line":151,"column":54}},"type":"binary-expr","locations":[{"start":{"line":151,"column":26},"end":{"line":151,"column":50}},{"start":{"line":151,"column":50},"end":{"line":151,"column":54}}],"line":151},"20":{"loc":{"start":{"line":152,"column":39},"end":{"line":152,"column":null}},"type":"cond-expr","locations":[{"start":{"line":152,"column":66},"end":{"line":152,"column":85}},{"start":{"line":152,"column":85},"end":{"line":152,"column":null}}],"line":152},"21":{"loc":{"start":{"line":164,"column":19},"end":{"line":168,"column":null}},"type":"binary-expr","locations":[{"start":{"line":164,"column":19},"end":{"line":164,"column":null}},{"start":{"line":165,"column":20},"end":{"line":168,"column":null}}],"line":164},"22":{"loc":{"start":{"line":173,"column":15},"end":{"line":209,"column":null}},"type":"binary-expr","locations":[{"start":{"line":173,"column":15},"end":{"line":173,"column":null}},{"start":{"line":174,"column":16},"end":{"line":209,"column":null}}],"line":173},"23":{"loc":{"start":{"line":179,"column":22},"end":{"line":179,"column":42}},"type":"binary-expr","locations":[{"start":{"line":179,"column":22},"end":{"line":179,"column":38}},{"start":{"line":179,"column":38},"end":{"line":179,"column":42}}],"line":179},"24":{"loc":{"start":{"line":185,"column":28},"end":{"line":185,"column":45}},"type":"binary-expr","locations":[{"start":{"line":185,"column":28},"end":{"line":185,"column":41}},{"start":{"line":185,"column":41},"end":{"line":185,"column":45}}],"line":185},"25":{"loc":{"start":{"line":189,"column":44},"end":{"line":191,"column":null}},"type":"cond-expr","locations":[{"start":{"line":190,"column":33},"end":{"line":190,"column":null}},{"start":{"line":191,"column":32},"end":{"line":191,"column":null}}],"line":189},"26":{"loc":{"start":{"line":190,"column":33},"end":{"line":190,"column":null}},"type":"cond-expr","locations":[{"start":{"line":190,"column":45},"end":{"line":190,"column":57}},{"start":{"line":190,"column":57},"end":{"line":190,"column":null}}],"line":190},"27":{"loc":{"start":{"line":201,"column":33},"end":{"line":201,"column":null}},"type":"binary-expr","locations":[{"start":{"line":201,"column":33},"end":{"line":201,"column":48}},{"start":{"line":201,"column":48},"end":{"line":201,"column":null}}],"line":201},"28":{"loc":{"start":{"line":201,"column":48},"end":{"line":201,"column":null}},"type":"cond-expr","locations":[{"start":{"line":201,"column":60},"end":{"line":201,"column":67}},{"start":{"line":201,"column":67},"end":{"line":201,"column":null}}],"line":201},"29":{"loc":{"start":{"line":212,"column":15},"end":{"line":247,"column":null}},"type":"binary-expr","locations":[{"start":{"line":212,"column":15},"end":{"line":212,"column":null}},{"start":{"line":213,"column":16},"end":{"line":247,"column":null}}],"line":212},"30":{"loc":{"start":{"line":221,"column":22},"end":{"line":221,"column":50}},"type":"binary-expr","locations":[{"start":{"line":221,"column":22},"end":{"line":221,"column":46}},{"start":{"line":221,"column":46},"end":{"line":221,"column":50}}],"line":221},"31":{"loc":{"start":{"line":222,"column":36},"end":{"line":222,"column":null}},"type":"binary-expr","locations":[{"start":{"line":222,"column":36},"end":{"line":222,"column":57}},{"start":{"line":222,"column":57},"end":{"line":222,"column":null}}],"line":222},"32":{"loc":{"start":{"line":223,"column":37},"end":{"line":223,"column":null}},"type":"binary-expr","locations":[{"start":{"line":223,"column":37},"end":{"line":223,"column":60}},{"start":{"line":223,"column":60},"end":{"line":223,"column":null}}],"line":223},"33":{"loc":{"start":{"line":232,"column":31},"end":{"line":239,"column":null}},"type":"cond-expr","locations":[{"start":{"line":233,"column":32},"end":{"line":237,"column":null}},{"start":{"line":239,"column":32},"end":{"line":239,"column":null}}],"line":232},"34":{"loc":{"start":{"line":232,"column":31},"end":{"line":232,"column":null}},"type":"binary-expr","locations":[{"start":{"line":232,"column":31},"end":{"line":232,"column":56}},{"start":{"line":232,"column":56},"end":{"line":232,"column":null}}],"line":232}},"s":{"0":6,"1":6,"2":6,"3":6,"4":6,"5":6,"6":2,"7":6,"8":1,"9":0,"10":1,"11":1,"12":1,"13":1,"14":1,"15":1,"16":1,"17":1,"18":0,"19":1,"20":1,"21":0,"22":0,"23":0,"24":0,"25":0,"26":0,"27":6,"28":0,"29":0,"30":6,"31":0,"32":0,"33":0,"34":0,"35":0,"36":0,"37":0,"38":0,"39":0,"40":0,"41":0,"42":0,"43":0,"44":0,"45":0,"46":0,"47":0,"48":0,"49":0,"50":0},"f":{"0":6,"1":2,"2":1,"3":0,"4":0,"5":0,"6":0,"7":0,"8":0,"9":0,"10":0,"11":0,"12":0,"13":0,"14":0,"15":0},"b":{"0":[2,0],"1":[0,1],"2":[0,0],"3":[0,1],"4":[6,0],"5":[6,0],"6":[3,3],"7":[6,5],"8":[1,5],"9":[0,0],"10":[0,0],"11":[0,0],"12":[0,0],"13":[0,0],"14":[0,0],"15":[0,0],"16":[0,0],"17":[0,0],"18":[0,0],"19":[0,0],"20":[0,0],"21":[0,0],"22":[0,0],"23":[0,0],"24":[0,0],"25":[0,0],"26":[0,0],"27":[0,0],"28":[0,0],"29":[0,0],"30":[0,0],"31":[0,0],"32":[0,0],"33":[0,0],"34":[0,0]},"meta":{"lastBranch":35,"lastFunction":16,"lastStatement":51,"seen":{"f:5:9:5:15":0,"s:6:22:6:Infinity":0,"s:7:28:7:Infinity":1,"s:8:28:8:Infinity":2,"s:9:32:9:Infinity":3,"s:10:36:10:Infinity":4,"s:12:27:14:Infinity":5,"f:12:27:12:28":1,"s:13:4:13:Infinity":6,"b:13:12:13:35:13:35:13:39":0,"s:16:23:44:Infinity":7,"f:16:23:16:35":2,"b:17:4:17:Infinity:undefined:undefined:undefined:undefined":1,"s:17:4:17:Infinity":8,"s:17:15:17:Infinity":9,"s:19:4:19:Infinity":10,"s:20:4:20:Infinity":11,"s:21:4:21:Infinity":12,"s:22:4:22:Infinity":13,"s:24:21:24:Infinity":14,"s:25:4:25:Infinity":15,"s:27:4:43:Infinity":16,"s:28:23:28:Infinity":17,"s:29:21:29:Infinity":18,"b:29:21:29:44:29:44:29:Infinity":2,"s:31:19:31:Infinity":19,"b:32:6:35:Infinity:undefined:undefined:undefined:undefined":3,"s:32:6:35:Infinity":20,"s:33:22:33:Infinity":21,"s:34:8:34:Infinity":22,"s:37:6:37:Infinity":23,"s:39:6:39:Infinity":24,"s:40:6:40:Infinity":25,"s:42:6:42:Infinity":26,"s:46:27:48:Infinity":27,"f:46:27:46:28":3,"s:47:4:47:Infinity":28,"f:47:19:47:20":4,"s:47:30:47:65":29,"s:50:2:253:Infinity":30,"b:58:9:58:Infinity:59:10:69:Infinity":4,"f:61:21:61:27":5,"s:62:14:62:Infinity":31,"s:63:14:63:Infinity":32,"s:64:14:64:Infinity":33,"s:65:14:65:Infinity":34,"b:73:10:92:Infinity:94:10:250:Infinity":5,"b:82:22:82:41:82:41:82:61":6,"b:85:53:85:64:85:64:85:71":7,"b:87:16:89:Infinity:90:18:90:Infinity":8,"b:97:64:97:75:97:75:97:77":9,"f:98:25:98:31":6,"s:98:31:98:Infinity":35,"b:104:61:104:72:104:72:104:74":10,"f:105:25:105:31":7,"s:105:31:105:Infinity":36,"b:111:69:111:80:111:80:111:82":11,"f:112:25:112:31":8,"s:112:31:112:Infinity":37,"b:119:15:119:Infinity:120:16:170:Infinity":12,"b:123:51:123:68:123:68:123:82":13,"b:125:21:125:Infinity:126:22:128:Infinity":14,"b:133:27:133:Infinity:134:27:134:Infinity":15,"b:133:27:133:54:133:54:133:Infinity":16,"b:134:27:134:46:134:46:134:Infinity":17,"b:142:26:142:48:142:48:142:52":18,"f:142:56:142:57":9,"s:143:26:143:Infinity":38,"b:151:26:151:50:151:50:151:54":19,"f:151:58:151:59":10,"s:152:39:152:Infinity":39,"b:152:66:152:85:152:85:152:Infinity":20,"s:153:26:157:Infinity":40,"b:164:19:164:Infinity:165:20:168:Infinity":21,"b:173:15:173:Infinity:174:16:209:Infinity":22,"b:179:22:179:38:179:38:179:42":23,"f:179:46:179:47":11,"s:180:22:206:Infinity":41,"b:185:28:185:41:185:41:185:45":24,"f:185:49:185:50":12,"s:186:47:186:Infinity":42,"s:187:46:187:Infinity":43,"s:189:44:191:Infinity":44,"b:190:33:190:Infinity:191:32:191:Infinity":25,"b:190:45:190:57:190:57:190:Infinity":26,"s:193:28:202:Infinity":45,"f:197:41:197:47":13,"s:197:47:197:Infinity":46,"b:201:33:201:48:201:48:201:Infinity":27,"b:201:60:201:67:201:67:201:Infinity":28,"b:212:15:212:Infinity:213:16:247:Infinity":29,"b:221:22:221:46:221:46:221:50":30,"f:221:54:221:55":14,"s:222:36:222:Infinity":47,"b:222:36:222:57:222:57:222:Infinity":31,"s:223:37:223:Infinity":48,"b:223:37:223:60:223:60:223:Infinity":32,"s:225:22:243:Infinity":49,"b:233:32:237:Infinity:239:32:239:Infinity":33,"b:232:31:232:56:232:56:232:Infinity":34,"f:234:46:234:47":15,"s:235:36:235:Infinity":50}}}
}
