{"C:\\Users\\HP\\Desktop\\נרקיס\\בודקאמפ גוגל רייכמן\\‏‏smart-meeting-app - עותק\\backend\\src\\index.js": {"path":"C:\\Users\\HP\\Desktop\\נרקיס\\בודקאמפ גוגל רייכמן\\‏‏smart-meeting-app - עותק\\backend\\src\\index.js","statementMap":{"0":{"start":{"line":1,"column":16},"end":{"line":1,"column":34}},"1":{"start":{"line":2,"column":13},"end":{"line":2,"column":28}},"2":{"start":{"line":3,"column":15},"end":{"line":3,"column":32}},"3":{"start":{"line":4,"column":11},"end":{"line":4,"column":24}},"4":{"start":{"line":5,"column":31},"end":{"line":5,"column":63}},"5":{"start":{"line":6,"column":32},"end":{"line":6,"column":71}},"6":{"start":{"line":7,"column":0},"end":{"line":7,"column":27}},"7":{"start":{"line":9,"column":12},"end":{"line":9,"column":21}},"8":{"start":{"line":10,"column":0},"end":{"line":10,"column":51}},"9":{"start":{"line":11,"column":0},"end":{"line":11,"column":24}},"10":{"start":{"line":14,"column":21},"end":{"line":17,"column":18}},"11":{"start":{"line":19,"column":20},"end":{"line":19,"column":71}},"12":{"start":{"line":20,"column":14},"end":{"line":20,"column":64}},"13":{"start":{"line":21,"column":16},"end":{"line":21,"column":36}},"14":{"start":{"line":23,"column":0},"end":{"line":133,"column":3}},"15":{"start":{"line":25,"column":2},"end":{"line":132,"column":5}},"16":{"start":{"line":26,"column":4},"end":{"line":33,"column":5}},"17":{"start":{"line":27,"column":6},"end":{"line":29,"column":7}},"18":{"start":{"line":28,"column":8},"end":{"line":28,"column":83}},"19":{"start":{"line":30,"column":6},"end":{"line":30,"column":58}},"20":{"start":{"line":31,"column":11},"end":{"line":33,"column":5}},"21":{"start":{"line":32,"column":6},"end":{"line":32,"column":58}},"22":{"start":{"line":35,"column":4},"end":{"line":131,"column":5}},"23":{"start":{"line":36,"column":6},"end":{"line":38,"column":7}},"24":{"start":{"line":37,"column":8},"end":{"line":37,"column":67}},"25":{"start":{"line":40,"column":23},"end":{"line":40,"column":36}},"26":{"start":{"line":44,"column":6},"end":{"line":53,"column":7}},"27":{"start":{"line":45,"column":8},"end":{"line":48,"column":11}},"28":{"start":{"line":50,"column":8},"end":{"line":50,"column":60}},"29":{"start":{"line":51,"column":8},"end":{"line":51,"column":61}},"30":{"start":{"line":51,"column":37},"end":{"line":51,"column":61}},"31":{"start":{"line":52,"column":8},"end":{"line":52,"column":81}},"32":{"start":{"line":56,"column":6},"end":{"line":56,"column":59}},"33":{"start":{"line":56,"column":35},"end":{"line":56,"column":59}},"34":{"start":{"line":59,"column":20},"end":{"line":62,"column":8}},"35":{"start":{"line":64,"column":25},"end":{"line":93,"column":8}},"36":{"start":{"line":95,"column":21},"end":{"line":103,"column":8}},"37":{"start":{"line":105,"column":27},"end":{"line":105,"column":49}},"38":{"start":{"line":109,"column":6},"end":{"line":114,"column":7}},"39":{"start":{"line":110,"column":8},"end":{"line":110,"column":46}},"40":{"start":{"line":112,"column":8},"end":{"line":112,"column":66}},"41":{"start":{"line":113,"column":8},"end":{"line":113,"column":71}},"42":{"start":{"line":117,"column":20},"end":{"line":122,"column":7}},"43":{"start":{"line":124,"column":6},"end":{"line":124,"column":39}},"44":{"start":{"line":126,"column":6},"end":{"line":126,"column":66}},"45":{"start":{"line":129,"column":6},"end":{"line":129,"column":45}},"46":{"start":{"line":130,"column":6},"end":{"line":130,"column":53}},"47":{"start":{"line":135,"column":0},"end":{"line":142,"column":3}},"48":{"start":{"line":136,"column":2},"end":{"line":141,"column":3}},"49":{"start":{"line":137,"column":22},"end":{"line":137,"column":51}},"50":{"start":{"line":138,"column":4},"end":{"line":138,"column":43}},"51":{"start":{"line":140,"column":4},"end":{"line":140,"column":49}},"52":{"start":{"line":144,"column":13},"end":{"line":144,"column":37}},"53":{"start":{"line":146,"column":0},"end":{"line":148,"column":1}},"54":{"start":{"line":147,"column":4},"end":{"line":147,"column":74}},"55":{"start":{"line":147,"column":27},"end":{"line":147,"column":72}},"56":{"start":{"line":150,"column":0},"end":{"line":150,"column":21}}},"fnMap":{"0":{"name":"(anonymous_0)","decl":{"start":{"line":23,"column":27},"end":{"line":23,"column":28}},"loc":{"start":{"line":23,"column":41},"end":{"line":133,"column":1}},"line":23},"1":{"name":"(anonymous_1)","decl":{"start":{"line":25,"column":25},"end":{"line":25,"column":26}},"loc":{"start":{"line":25,"column":40},"end":{"line":132,"column":3}},"line":25},"2":{"name":"(anonymous_2)","decl":{"start":{"line":135,"column":26},"end":{"line":135,"column":27}},"loc":{"start":{"line":135,"column":46},"end":{"line":142,"column":1}},"line":135},"3":{"name":"(anonymous_3)","decl":{"start":{"line":147,"column":21},"end":{"line":147,"column":22}},"loc":{"start":{"line":147,"column":27},"end":{"line":147,"column":72}},"line":147}},"branchMap":{"0":{"loc":{"start":{"line":26,"column":4},"end":{"line":33,"column":5}},"type":"if","locations":[{"start":{"line":26,"column":4},"end":{"line":33,"column":5}},{"start":{"line":31,"column":11},"end":{"line":33,"column":5}}],"line":26},"1":{"loc":{"start":{"line":27,"column":6},"end":{"line":29,"column":7}},"type":"if","locations":[{"start":{"line":27,"column":6},"end":{"line":29,"column":7}},{"start":{},"end":{}}],"line":27},"2":{"loc":{"start":{"line":31,"column":11},"end":{"line":33,"column":5}},"type":"if","locations":[{"start":{"line":31,"column":11},"end":{"line":33,"column":5}},{"start":{},"end":{}}],"line":31},"3":{"loc":{"start":{"line":36,"column":6},"end":{"line":38,"column":7}},"type":"if","locations":[{"start":{"line":36,"column":6},"end":{"line":38,"column":7}},{"start":{},"end":{}}],"line":36},"4":{"loc":{"start":{"line":51,"column":8},"end":{"line":51,"column":61}},"type":"if","locations":[{"start":{"line":51,"column":8},"end":{"line":51,"column":61}},{"start":{},"end":{}}],"line":51},"5":{"loc":{"start":{"line":56,"column":6},"end":{"line":56,"column":59}},"type":"if","locations":[{"start":{"line":56,"column":6},"end":{"line":56,"column":59}},{"start":{},"end":{}}],"line":56},"6":{"loc":{"start":{"line":144,"column":13},"end":{"line":144,"column":37}},"type":"binary-expr","locations":[{"start":{"line":144,"column":13},"end":{"line":144,"column":29}},{"start":{"line":144,"column":33},"end":{"line":144,"column":37}}],"line":144},"7":{"loc":{"start":{"line":146,"column":0},"end":{"line":148,"column":1}},"type":"if","locations":[{"start":{"line":146,"column":0},"end":{"line":148,"column":1}},{"start":{},"end":{}}],"line":146}},"s":{"0":2,"1":2,"2":2,"3":2,"4":2,"5":2,"6":2,"7":2,"8":2,"9":2,"10":2,"11":2,"12":2,"13":2,"14":2,"15":5,"16":5,"17":1,"18":1,"19":0,"20":4,"21":0,"22":4,"23":4,"24":1,"25":3,"26":3,"27":3,"28":1,"29":1,"30":1,"31":1,"32":2,"33":2,"34":2,"35":2,"36":2,"37":2,"38":2,"39":2,"40":1,"41":1,"42":1,"43":1,"44":1,"45":0,"46":0,"47":2,"48":1,"49":1,"50":1,"51":0,"52":2,"53":2,"54":0,"55":0,"56":2},"f":{"0":5,"1":5,"2":1,"3":0},"b":{"0":[1,4],"1":[1,0],"2":[0,4],"3":[1,3],"4":[1,0],"5":[2,0],"6":[2,0],"7":[0,2]},"_coverageSchema":"1a1c01bbd47fc00a2c39e90264f33305004495a9","hash":"f8c73f070dc8c577dc8990e7db931b13922c6079"}
,"C:\\Users\\HP\\Desktop\\נרקיס\\בודקאמפ גוגל רייכמן\\‏‏smart-meeting-app - עותק\\backend\\src\\storage.js": {"path":"C:\\Users\\HP\\Desktop\\נרקיס\\בודקאמפ גוגל רייכמן\\‏‏smart-meeting-app - עותק\\backend\\src\\storage.js","statementMap":{"0":{"start":{"line":1,"column":11},"end":{"line":1,"column":33}},"1":{"start":{"line":2,"column":13},"end":{"line":2,"column":28}},"2":{"start":{"line":4,"column":17},"end":{"line":4,"column":49}},"3":{"start":{"line":5,"column":18},"end":{"line":5,"column":55}},"4":{"start":{"line":8,"column":2},"end":{"line":8,"column":48}},"5":{"start":{"line":9,"column":2},"end":{"line":14,"column":3}},"6":{"start":{"line":10,"column":4},"end":{"line":10,"column":31}},"7":{"start":{"line":13,"column":4},"end":{"line":13,"column":62}},"8":{"start":{"line":18,"column":2},"end":{"line":18,"column":25}},"9":{"start":{"line":19,"column":14},"end":{"line":19,"column":50}},"10":{"start":{"line":20,"column":2},"end":{"line":20,"column":33}},"11":{"start":{"line":24,"column":20},"end":{"line":24,"column":41}},"12":{"start":{"line":25,"column":2},"end":{"line":25,"column":24}},"13":{"start":{"line":26,"column":2},"end":{"line":26,"column":76}},"14":{"start":{"line":27,"column":2},"end":{"line":27,"column":15}},"15":{"start":{"line":30,"column":0},"end":{"line":33,"column":2}}},"fnMap":{"0":{"name":"ensureDataFile","decl":{"start":{"line":7,"column":15},"end":{"line":7,"column":29}},"loc":{"start":{"line":7,"column":32},"end":{"line":15,"column":1}},"line":7},"1":{"name":"readSummaries","decl":{"start":{"line":17,"column":15},"end":{"line":17,"column":28}},"loc":{"start":{"line":17,"column":31},"end":{"line":21,"column":1}},"line":17},"2":{"name":"saveSummary","decl":{"start":{"line":23,"column":15},"end":{"line":23,"column":26}},"loc":{"start":{"line":23,"column":34},"end":{"line":28,"column":1}},"line":23}},"branchMap":{"0":{"loc":{"start":{"line":20,"column":20},"end":{"line":20,"column":31}},"type":"binary-expr","locations":[{"start":{"line":20,"column":20},"end":{"line":20,"column":23}},{"start":{"line":20,"column":27},"end":{"line":20,"column":31}}],"line":20}},"s":{"0":3,"1":3,"2":3,"3":3,"4":4,"5":4,"6":4,"7":0,"8":4,"9":4,"10":4,"11":2,"12":2,"13":2,"14":2,"15":3},"f":{"0":4,"1":4,"2":2},"b":{"0":[4,0]},"_coverageSchema":"1a1c01bbd47fc00a2c39e90264f33305004495a9","hash":"2ce98c52686979e2c2a077021c392ad3b79dff61"}
}
