TN:
SF:src\index.js
FN:23,(anonymous_0)
FN:25,(anonymous_1)
FN:135,(anonymous_2)
FN:147,(anonymous_3)
FNF:4
FNH:3
FNDA:5,(anonymous_0)
FNDA:5,(anonymous_1)
FNDA:1,(anonymous_2)
FNDA:0,(anonymous_3)
DA:1,2
DA:2,2
DA:3,2
DA:4,2
DA:5,2
DA:6,2
DA:7,2
DA:9,2
DA:10,2
DA:11,2
DA:14,2
DA:19,2
DA:20,2
DA:21,2
DA:23,2
DA:25,5
DA:26,5
DA:27,1
DA:28,1
DA:30,0
DA:31,4
DA:32,0
DA:35,4
DA:36,4
DA:37,1
DA:40,3
DA:44,3
DA:45,3
DA:50,1
DA:51,1
DA:52,1
DA:56,2
DA:59,2
DA:64,2
DA:95,2
DA:105,2
DA:109,2
DA:110,2
DA:112,1
DA:113,1
DA:117,1
DA:124,1
DA:126,1
DA:129,0
DA:130,0
DA:135,2
DA:136,1
DA:137,1
DA:138,1
DA:140,0
DA:144,2
DA:146,2
DA:147,0
DA:150,2
LF:54
LH:48
BRDA:26,0,0,1
BRDA:26,0,1,4
BRDA:27,1,0,1
BRDA:27,1,1,0
BRDA:31,2,0,0
BRDA:31,2,1,4
BRDA:36,3,0,1
BRDA:36,3,1,3
BRDA:51,4,0,1
BRDA:51,4,1,0
BRDA:56,5,0,2
BRDA:56,5,1,0
BRDA:144,6,0,2
BRDA:144,6,1,0
BRDA:146,7,0,0
BRDA:146,7,1,2
BRF:16
BRH:10
end_of_record
TN:
SF:src\storage.js
FN:7,ensureDataFile
FN:17,readSummaries
FN:23,saveSummary
FNF:3
FNH:3
FNDA:4,ensureDataFile
FNDA:4,readSummaries
FNDA:2,saveSummary
DA:1,3
DA:2,3
DA:4,3
DA:5,3
DA:8,4
DA:9,4
DA:10,4
DA:13,0
DA:18,4
DA:19,4
DA:20,4
DA:24,2
DA:25,2
DA:26,2
DA:27,2
DA:30,3
LF:16
LH:15
BRDA:20,0,0,4
BRDA:20,0,1,0
BRF:2
BRH:1
end_of_record
